  Main.cpp
  ImageWidget.cpp
  ScriptHandler.cpp
D:\ImageEditing-master\ImageEditing-master\src\ScriptHandler.cpp(105,5): warning C4996: 'strcpy': This function or variable may be unsafe. Consider using strcpy_s instead. To disable deprecation, use _CRT_SECURE_NO_WARNINGS. See online help for details.
D:\ImageEditing-master\ImageEditing-master\src\ScriptHandler.cpp(106,20): warning C4996: 'strtok': This function or variable may be unsafe. Consider using strtok_s instead. To disable deprecation, use _CRT_SECURE_NO_WARNINGS. See online help for details.
D:\ImageEditing-master\ImageEditing-master\src\ScriptHandler.cpp(131,31): warning C4996: 'strtok': This function or variable may be unsafe. Consider using strtok_s instead. To disable deprecation, use _CRT_SECURE_NO_WARNINGS. See online help for details.
D:\ImageEditing-master\ImageEditing-master\src\ScriptHandler.cpp(148,31): warning C4996: 'strtok': This function or variable may be unsafe. Consider using strtok_s instead. To disable deprecation, use _CRT_SECURE_NO_WARNINGS. See online help for details.
D:\ImageEditing-master\ImageEditing-master\src\ScriptHandler.cpp(159,40): warning C4996: 'strtok': This function or variable may be unsafe. Consider using strtok_s instead. To disable deprecation, use _CRT_SECURE_NO_WARNINGS. See online help for details.
D:\ImageEditing-master\ImageEditing-master\src\ScriptHandler.cpp(237,24): warning C4996: 'strtok': This function or variable may be unsafe. Consider using strtok_s instead. To disable deprecation, use _CRT_SECURE_NO_WARNINGS. See online help for details.
D:\ImageEditing-master\ImageEditing-master\src\ScriptHandler.cpp(280,28): warning C4996: 'strtok': This function or variable may be unsafe. Consider using strtok_s instead. To disable deprecation, use _CRT_SECURE_NO_WARNINGS. See online help for details.
D:\ImageEditing-master\ImageEditing-master\src\ScriptHandler.cpp(295,31): warning C4996: 'strtok': This function or variable may be unsafe. Consider using strtok_s instead. To disable deprecation, use _CRT_SECURE_NO_WARNINGS. See online help for details.
D:\ImageEditing-master\ImageEditing-master\src\ScriptHandler.cpp(312,31): warning C4996: 'strtok': This function or variable may be unsafe. Consider using strtok_s instead. To disable deprecation, use _CRT_SECURE_NO_WARNINGS. See online help for details.
D:\ImageEditing-master\ImageEditing-master\src\ScriptHandler.cpp(330,31): warning C4996: 'strtok': This function or variable may be unsafe. Consider using strtok_s instead. To disable deprecation, use _CRT_SECURE_NO_WARNINGS. See online help for details.
D:\ImageEditing-master\ImageEditing-master\src\ScriptHandler.cpp(348,31): warning C4996: 'strtok': This function or variable may be unsafe. Consider using strtok_s instead. To disable deprecation, use _CRT_SECURE_NO_WARNINGS. See online help for details.
D:\ImageEditing-master\ImageEditing-master\src\ScriptHandler.cpp(366,31): warning C4996: 'strtok': This function or variable may be unsafe. Consider using strtok_s instead. To disable deprecation, use _CRT_SECURE_NO_WARNINGS. See online help for details.
D:\ImageEditing-master\ImageEditing-master\src\ScriptHandler.cpp(384,31): warning C4996: 'strtok': This function or variable may be unsafe. Consider using strtok_s instead. To disable deprecation, use _CRT_SECURE_NO_WARNINGS. See online help for details.
D:\ImageEditing-master\ImageEditing-master\src\ScriptHandler.cpp(402,28): warning C4996: 'strtok': This function or variable may be unsafe. Consider using strtok_s instead. To disable deprecation, use _CRT_SECURE_NO_WARNINGS. See online help for details.
  TargaImage.cpp
D:\ImageEditing-master\ImageEditing-master\src\TargaImage.cpp(227,34): warning C4244: 'initializing': conversion from 'double' to 'unsigned char', possible loss of data
D:\ImageEditing-master\ImageEditing-master\src\TargaImage.cpp(274,16): warning C4244: 'initializing': conversion from 'double' to 'int', possible loss of data
D:\ImageEditing-master\ImageEditing-master\src\TargaImage.cpp(402,15): warning C4244: 'argument': conversion from 'time_t' to 'unsigned int', possible loss of data
D:\ImageEditing-master\ImageEditing-master\src\TargaImage.cpp(477,74): warning C4244: '+=': conversion from 'double' to 'unsigned char', possible loss of data
D:\ImageEditing-master\ImageEditing-master\src\TargaImage.cpp(493,80): warning C4244: '+=': conversion from 'double' to 'unsigned char', possible loss of data
D:\ImageEditing-master\ImageEditing-master\src\TargaImage.cpp(508,76): warning C4244: '+=': conversion from 'double' to 'unsigned char', possible loss of data
D:\ImageEditing-master\ImageEditing-master\src\TargaImage.cpp(523,80): warning C4244: '+=': conversion from 'double' to 'unsigned char', possible loss of data
D:\ImageEditing-master\ImageEditing-master\src\TargaImage.cpp(561,74): warning C4244: '+=': conversion from 'double' to 'unsigned char', possible loss of data
D:\ImageEditing-master\ImageEditing-master\src\TargaImage.cpp(576,80): warning C4244: '+=': conversion from 'double' to 'unsigned char', possible loss of data
D:\ImageEditing-master\ImageEditing-master\src\TargaImage.cpp(591,76): warning C4244: '+=': conversion from 'double' to 'unsigned char', possible loss of data
D:\ImageEditing-master\ImageEditing-master\src\TargaImage.cpp(606,80): warning C4244: '+=': conversion from 'double' to 'unsigned char', possible loss of data
D:\ImageEditing-master\ImageEditing-master\src\TargaImage.cpp(672,16): warning C4244: 'initializing': conversion from 'double' to 'int', possible loss of data
D:\ImageEditing-master\ImageEditing-master\src\TargaImage.cpp(747,44): warning C4244: '=': conversion from 'double' to 'unsigned char', possible loss of data
D:\ImageEditing-master\ImageEditing-master\src\TargaImage.cpp(748,49): warning C4244: '=': conversion from 'double' to 'unsigned char', possible loss of data
D:\ImageEditing-master\ImageEditing-master\src\TargaImage.cpp(749,49): warning C4244: '=': conversion from 'double' to 'unsigned char', possible loss of data
D:\ImageEditing-master\ImageEditing-master\src\TargaImage.cpp(763,77): warning C4244: '+=': conversion from 'double' to 'unsigned char', possible loss of data
D:\ImageEditing-master\ImageEditing-master\src\TargaImage.cpp(775,81): warning C4244: '+=': conversion from 'double' to 'unsigned char', possible loss of data
D:\ImageEditing-master\ImageEditing-master\src\TargaImage.cpp(787,81): warning C4244: '+=': conversion from 'double' to 'unsigned char', possible loss of data
D:\ImageEditing-master\ImageEditing-master\src\TargaImage.cpp(802,83): warning C4244: '+=': conversion from 'double' to 'unsigned char', possible loss of data
D:\ImageEditing-master\ImageEditing-master\src\TargaImage.cpp(814,87): warning C4244: '+=': conversion from 'double' to 'unsigned char', possible loss of data
D:\ImageEditing-master\ImageEditing-master\src\TargaImage.cpp(826,87): warning C4244: '+=': conversion from 'double' to 'unsigned char', possible loss of data
D:\ImageEditing-master\ImageEditing-master\src\TargaImage.cpp(841,79): warning C4244: '+=': conversion from 'double' to 'unsigned char', possible loss of data
D:\ImageEditing-master\ImageEditing-master\src\TargaImage.cpp(853,83): warning C4244: '+=': conversion from 'double' to 'unsigned char', possible loss of data
D:\ImageEditing-master\ImageEditing-master\src\TargaImage.cpp(865,83): warning C4244: '+=': conversion from 'double' to 'unsigned char', possible loss of data
D:\ImageEditing-master\ImageEditing-master\src\TargaImage.cpp(880,83): warning C4244: '+=': conversion from 'double' to 'unsigned char', possible loss of data
D:\ImageEditing-master\ImageEditing-master\src\TargaImage.cpp(892,87): warning C4244: '+=': conversion from 'double' to 'unsigned char', possible loss of data
D:\ImageEditing-master\ImageEditing-master\src\TargaImage.cpp(904,87): warning C4244: '+=': conversion from 'double' to 'unsigned char', possible loss of data
D:\ImageEditing-master\ImageEditing-master\src\TargaImage.cpp(927,45): warning C4244: '=': conversion from 'double' to 'unsigned char', possible loss of data
D:\ImageEditing-master\ImageEditing-master\src\TargaImage.cpp(928,49): warning C4244: '=': conversion from 'double' to 'unsigned char', possible loss of data
D:\ImageEditing-master\ImageEditing-master\src\TargaImage.cpp(929,49): warning C4244: '=': conversion from 'double' to 'unsigned char', possible loss of data
D:\ImageEditing-master\ImageEditing-master\src\TargaImage.cpp(943,77): warning C4244: '+=': conversion from 'double' to 'unsigned char', possible loss of data
D:\ImageEditing-master\ImageEditing-master\src\TargaImage.cpp(955,81): warning C4244: '+=': conversion from 'double' to 'unsigned char', possible loss of data
D:\ImageEditing-master\ImageEditing-master\src\TargaImage.cpp(967,81): warning C4244: '+=': conversion from 'double' to 'unsigned char', possible loss of data
D:\ImageEditing-master\ImageEditing-master\src\TargaImage.cpp(982,83): warning C4244: '+=': conversion from 'double' to 'unsigned char', possible loss of data
D:\ImageEditing-master\ImageEditing-master\src\TargaImage.cpp(994,87): warning C4244: '+=': conversion from 'double' to 'unsigned char', possible loss of data
D:\ImageEditing-master\ImageEditing-master\src\TargaImage.cpp(1006,87): warning C4244: '+=': conversion from 'double' to 'unsigned char', possible loss of data
D:\ImageEditing-master\ImageEditing-master\src\TargaImage.cpp(1024,79): warning C4244: '+=': conversion from 'double' to 'unsigned char', possible loss of data
D:\ImageEditing-master\ImageEditing-master\src\TargaImage.cpp(1036,83): warning C4244: '+=': conversion from 'double' to 'unsigned char', possible loss of data
D:\ImageEditing-master\ImageEditing-master\src\TargaImage.cpp(1048,83): warning C4244: '+=': conversion from 'double' to 'unsigned char', possible loss of data
D:\ImageEditing-master\ImageEditing-master\src\TargaImage.cpp(1066,83): warning C4244: '+=': conversion from 'double' to 'unsigned char', possible loss of data
D:\ImageEditing-master\ImageEditing-master\src\TargaImage.cpp(1078,86): warning C4244: '+=': conversion from 'double' to 'unsigned char', possible loss of data
D:\ImageEditing-master\ImageEditing-master\src\TargaImage.cpp(1090,87): warning C4244: '+=': conversion from 'double' to 'unsigned char', possible loss of data
D:\ImageEditing-master\ImageEditing-master\src\TargaImage.cpp(1273,46): warning C4244: '=': conversion from 'double' to 'unsigned char', possible loss of data
D:\ImageEditing-master\ImageEditing-master\src\TargaImage.cpp(1274,48): warning C4244: '=': conversion from 'double' to 'unsigned char', possible loss of data
D:\ImageEditing-master\ImageEditing-master\src\TargaImage.cpp(1275,48): warning C4244: '=': conversion from 'double' to 'unsigned char', possible loss of data
D:\ImageEditing-master\ImageEditing-master\src\TargaImage.cpp(1334,41): warning C4244: '=': conversion from 'double' to 'unsigned char', possible loss of data
D:\ImageEditing-master\ImageEditing-master\src\TargaImage.cpp(1335,45): warning C4244: '=': conversion from 'double' to 'unsigned char', possible loss of data
D:\ImageEditing-master\ImageEditing-master\src\TargaImage.cpp(1336,45): warning C4244: '=': conversion from 'double' to 'unsigned char', possible loss of data
D:\ImageEditing-master\ImageEditing-master\src\TargaImage.cpp(1402,41): warning C4244: '=': conversion from 'double' to 'unsigned char', possible loss of data
D:\ImageEditing-master\ImageEditing-master\src\TargaImage.cpp(1403,45): warning C4244: '=': conversion from 'double' to 'unsigned char', possible loss of data
D:\ImageEditing-master\ImageEditing-master\src\TargaImage.cpp(1404,45): warning C4244: '=': conversion from 'double' to 'unsigned char', possible loss of data
D:\ImageEditing-master\ImageEditing-master\src\TargaImage.cpp(1421,23): warning C4018: '<=': signed/unsigned mismatch
D:\ImageEditing-master\ImageEditing-master\src\TargaImage.cpp(1436,23): warning C4018: '<': signed/unsigned mismatch
D:\ImageEditing-master\ImageEditing-master\src\TargaImage.cpp(1442,23): warning C4018: '<': signed/unsigned mismatch
D:\ImageEditing-master\ImageEditing-master\src\TargaImage.cpp(1444,27): warning C4018: '<': signed/unsigned mismatch
D:\ImageEditing-master\ImageEditing-master\src\TargaImage.cpp(1485,41): warning C4244: '=': conversion from 'double' to 'unsigned char', possible loss of data
D:\ImageEditing-master\ImageEditing-master\src\TargaImage.cpp(1486,45): warning C4244: '=': conversion from 'double' to 'unsigned char', possible loss of data
D:\ImageEditing-master\ImageEditing-master\src\TargaImage.cpp(1487,45): warning C4244: '=': conversion from 'double' to 'unsigned char', possible loss of data
D:\ImageEditing-master\ImageEditing-master\src\TargaImage.cpp(1584,41): warning C4244: '=': conversion from 'double' to 'unsigned char', possible loss of data
D:\ImageEditing-master\ImageEditing-master\src\TargaImage.cpp(1585,45): warning C4244: '=': conversion from 'double' to 'unsigned char', possible loss of data
D:\ImageEditing-master\ImageEditing-master\src\TargaImage.cpp(1586,45): warning C4244: '=': conversion from 'double' to 'unsigned char', possible loss of data
D:\ImageEditing-master\ImageEditing-master\src\TargaImage.cpp(1683,41): warning C4244: '=': conversion from 'double' to 'unsigned char', possible loss of data
D:\ImageEditing-master\ImageEditing-master\src\TargaImage.cpp(1684,45): warning C4244: '=': conversion from 'double' to 'unsigned char', possible loss of data
D:\ImageEditing-master\ImageEditing-master\src\TargaImage.cpp(1685,45): warning C4244: '=': conversion from 'double' to 'unsigned char', possible loss of data
D:\ImageEditing-master\ImageEditing-master\src\TargaImage.cpp(1776,46): warning C4244: '=': conversion from 'double' to 'unsigned char', possible loss of data
D:\ImageEditing-master\ImageEditing-master\src\TargaImage.cpp(1777,50): warning C4244: '=': conversion from 'double' to 'unsigned char', possible loss of data
D:\ImageEditing-master\ImageEditing-master\src\TargaImage.cpp(1778,50): warning C4244: '=': conversion from 'double' to 'unsigned char', possible loss of data
  Generating Code...
  ImageEditing.vcxproj -> D:\ImageEditing-master\ImageEditing-master\Release\ImageEditing.exe
